<?xml version="1.0" encoding="UTF-8"?>
<testsuite name="namedandDefaultArguments2.TestComments" tests="3" skipped="0" failures="0" errors="0" timestamp="2019-01-15T11:36:47" hostname="DESKTOP-DCV1T3D" time="0.043">
  <properties/>
  <testcase name="test1Sample" classname="namedandDefaultArguments2.TestComments" time="0.042"/>
  <testcase name="test2" classname="namedandDefaultArguments2.TestComments" time="0.0"/>
  <testcase name="test3" classname="namedandDefaultArguments2.TestComments" time="0.0"/>
  <system-out><![CDATA[]]></system-out>
  <system-err><![CDATA[]]></system-err>
</testsuite>
