<?xml version="1.0" encoding="UTF-8"?>
<testsuite name="extensionFunctions3.TestRectangle" tests="5" skipped="0" failures="0" errors="0" timestamp="2019-01-11T05:15:14" hostname="D-SEL-00650739" time="0.005">
  <properties/>
  <testcase name="test1Sample" classname="extensionFunctions3.TestRectangle" time="0.003"/>
  <testcase name="test2Sample" classname="extensionFunctions3.TestRectangle" time="0.0"/>
  <testcase name="test3" classname="extensionFunctions3.TestRectangle" time="0.0"/>
  <testcase name="test4" classname="extensionFunctions3.TestRectangle" time="0.0"/>
  <testcase name="test5" classname="extensionFunctions3.TestRectangle" time="0.001"/>
  <system-out><![CDATA[]]></system-out>
  <system-err><![CDATA[]]></system-err>
</testsuite>
