<?xml version="1.0" encoding="UTF-8"?>
<testsuite name="properties2.TestRobotTeleportation" tests="8" skipped="0" failures="0" errors="0" timestamp="2019-01-01T09:49:06" hostname="DESKTOP-DCV1T3D" time="0.032">
  <properties/>
  <testcase name="test1Sample" classname="properties2.TestRobotTeleportation" time="0.022"/>
  <testcase name="test2Left" classname="properties2.TestRobotTeleportation" time="0.002"/>
  <testcase name="test3Up" classname="properties2.TestRobotTeleportation" time="0.002"/>
  <testcase name="test4Left" classname="properties2.TestRobotTeleportation" time="0.001"/>
  <testcase name="test5Up" classname="properties2.TestRobotTeleportation" time="0.001"/>
  <testcase name="test6Right" classname="properties2.TestRobotTeleportation" time="0.001"/>
  <testcase name="test7Down" classname="properties2.TestRobotTeleportation" time="0.001"/>
  <testcase name="test8SeveralSteps" classname="properties2.TestRobotTeleportation" time="0.0"/>
  <system-out><![CDATA[]]></system-out>
  <system-err><![CDATA[]]></system-err>
</testsuite>
